Compiling the CXX compiler identification source file "CMakeCXXCompilerId.cpp" failed.
Compiler:  
Build flags: 
Id flags:  

The output was:
1
Microsoft (R) Build Engine version 17.2.1+52cd2da31 for .NET Framework
Copyright (C) Microsoft Corporation. All rights reserved.

Build started 11-07-2022 17:17:13.
Project "C:\Users\manis\extrack\build\windows\CMakeFiles\3.22.22040401-MSVC_2\CompilerIdCXX\CompilerIdCXX.vcxproj" on node 1 (default targets).
PrepareForBuild:
  Creating directory "Debug\".
C:\Program Files\Microsoft Visual Studio\2022\Community\MSBuild\Microsoft\VC\v170\Microsoft.CppBuild.targets(496,5): warning MSB8003: The WindowsSDKDir property is not defined. Some build tools may not be found. [C:\Users\manis\extrack\build\windows\CMakeFiles\3.22.22040401-MSVC_2\CompilerIdCXX\CompilerIdCXX.vcxproj]
  Creating directory "Debug\CompilerIdCXX.tlog\".
InitializeBuildStatus:
  Creating "Debug\CompilerIdCXX.tlog\unsuccessfulbuild" because "AlwaysCreate" was specified.
ClCompile:
  C:\Program Files\Microsoft Visual Studio\2022\Community\VC\Tools\MSVC\14.32.31326\bin\HostX64\x64\CL.exe /c /nologo /W0 /WX- /diagnostics:column /Od /D _MBCS /Gm- /EHsc /RTC1 /MDd /GS /fp:precise /Zc:wchar_t /Zc:forScope /Zc:inline /Fo"Debug\\" /Fd"Debug\vc143.pdb" /external:W0 /Gd /TP /FC /errorReport:queue CMakeCXXCompilerId.cpp
  CMakeCXXCompilerId.cpp
Link:
  C:\Program Files\Microsoft Visual Studio\2022\Community\VC\Tools\MSVC\14.32.31326\bin\HostX64\x64\link.exe /ERRORREPORT:QUEUE /OUT:".\CompilerIdCXX.exe" /INCREMENTAL:NO /NOLOGO kernel32.lib user32.lib gdi32.lib winspool.lib comdlg32.lib advapi32.lib shell32.lib ole32.lib oleaut32.lib uuid.lib odbc32.lib odbccp32.lib /MANIFEST /MANIFESTUAC:"level='asInvoker' uiAccess='false'" /manifest:embed /PDB:".\CompilerIdCXX.pdb" /SUBSYSTEM:CONSOLE /TLBID:1 /DYNAMICBASE /NXCOMPAT /IMPLIB:".\CompilerIdCXX.lib" /MACHINE:X64 Debug\CMakeCXXCompilerId.obj
LINK : fatal error LNK1181: cannot open input file 'kernel32.lib' [C:\Users\manis\extrack\build\windows\CMakeFiles\3.22.22040401-MSVC_2\CompilerIdCXX\CompilerIdCXX.vcxproj]
Done Building Project "C:\Users\manis\extrack\build\windows\CMakeFiles\3.22.22040401-MSVC_2\CompilerIdCXX\CompilerIdCXX.vcxproj" (default targets) -- FAILED.

Build FAILED.

"C:\Users\manis\extrack\build\windows\CMakeFiles\3.22.22040401-MSVC_2\CompilerIdCXX\CompilerIdCXX.vcxproj" (default target) (1) ->
(PrepareForBuild target) -> 
  C:\Program Files\Microsoft Visual Studio\2022\Community\MSBuild\Microsoft\VC\v170\Microsoft.CppBuild.targets(496,5): warning MSB8003: The WindowsSDKDir property is not defined. Some build tools may not be found. [C:\Users\manis\extrack\build\windows\CMakeFiles\3.22.22040401-MSVC_2\CompilerIdCXX\CompilerIdCXX.vcxproj]


"C:\Users\manis\extrack\build\windows\CMakeFiles\3.22.22040401-MSVC_2\CompilerIdCXX\CompilerIdCXX.vcxproj" (default target) (1) ->
(Link target) -> 
  LINK : fatal error LNK1181: cannot open input file 'kernel32.lib' [C:\Users\manis\extrack\build\windows\CMakeFiles\3.22.22040401-MSVC_2\CompilerIdCXX\CompilerIdCXX.vcxproj]

    1 Warning(s)
    1 Error(s)

Time Elapsed 00:00:02.99


Compiling the CXX compiler identification source file "CMakeCXXCompilerId.cpp" failed.
Compiler:  
Build flags: 
Id flags:  

The output was:
1
Microsoft (R) Build Engine version 17.2.1+52cd2da31 for .NET Framework
Copyright (C) Microsoft Corporation. All rights reserved.

Build started 11-07-2022 17:17:16.
Project "C:\Users\manis\extrack\build\windows\CMakeFiles\3.22.22040401-MSVC_2\CompilerIdCXX\CompilerIdCXX.vcxproj" on node 1 (default targets).
PrepareForBuild:
  Creating directory "Debug\".
C:\Program Files\Microsoft Visual Studio\2022\Community\MSBuild\Microsoft\VC\v170\Microsoft.CppBuild.targets(496,5): warning MSB8003: The WindowsSDKDir property is not defined. Some build tools may not be found. [C:\Users\manis\extrack\build\windows\CMakeFiles\3.22.22040401-MSVC_2\CompilerIdCXX\CompilerIdCXX.vcxproj]
  Creating directory "Debug\CompilerIdCXX.tlog\".
InitializeBuildStatus:
  Creating "Debug\CompilerIdCXX.tlog\unsuccessfulbuild" because "AlwaysCreate" was specified.
ClCompile:
  C:\Program Files\Microsoft Visual Studio\2022\Community\VC\Tools\MSVC\14.32.31326\bin\HostX64\x64\CL.exe /c /nologo /W0 /WX- /diagnostics:column /Od /D _MBCS /Gm- /EHsc /RTC1 /MDd /GS /fp:precise /Zc:wchar_t /Zc:forScope /Zc:inline /Fo"Debug\\" /Fd"Debug\vc143.pdb" /external:W0 /Gd /TP /FC /errorReport:queue CMakeCXXCompilerId.cpp
  CMakeCXXCompilerId.cpp
Link:
  C:\Program Files\Microsoft Visual Studio\2022\Community\VC\Tools\MSVC\14.32.31326\bin\HostX64\x64\link.exe /ERRORREPORT:QUEUE /OUT:".\CompilerIdCXX.exe" /INCREMENTAL:NO /NOLOGO kernel32.lib user32.lib gdi32.lib winspool.lib comdlg32.lib advapi32.lib shell32.lib ole32.lib oleaut32.lib uuid.lib odbc32.lib odbccp32.lib /MANIFEST /MANIFESTUAC:"level='asInvoker' uiAccess='false'" /manifest:embed /PDB:".\CompilerIdCXX.pdb" /SUBSYSTEM:CONSOLE /TLBID:1 /DYNAMICBASE /NXCOMPAT /IMPLIB:".\CompilerIdCXX.lib" /MACHINE:X64 Debug\CMakeCXXCompilerId.obj
LINK : fatal error LNK1181: cannot open input file 'kernel32.lib' [C:\Users\manis\extrack\build\windows\CMakeFiles\3.22.22040401-MSVC_2\CompilerIdCXX\CompilerIdCXX.vcxproj]
Done Building Project "C:\Users\manis\extrack\build\windows\CMakeFiles\3.22.22040401-MSVC_2\CompilerIdCXX\CompilerIdCXX.vcxproj" (default targets) -- FAILED.

Build FAILED.

"C:\Users\manis\extrack\build\windows\CMakeFiles\3.22.22040401-MSVC_2\CompilerIdCXX\CompilerIdCXX.vcxproj" (default target) (1) ->
(PrepareForBuild target) -> 
  C:\Program Files\Microsoft Visual Studio\2022\Community\MSBuild\Microsoft\VC\v170\Microsoft.CppBuild.targets(496,5): warning MSB8003: The WindowsSDKDir property is not defined. Some build tools may not be found. [C:\Users\manis\extrack\build\windows\CMakeFiles\3.22.22040401-MSVC_2\CompilerIdCXX\CompilerIdCXX.vcxproj]


"C:\Users\manis\extrack\build\windows\CMakeFiles\3.22.22040401-MSVC_2\CompilerIdCXX\CompilerIdCXX.vcxproj" (default target) (1) ->
(Link target) -> 
  LINK : fatal error LNK1181: cannot open input file 'kernel32.lib' [C:\Users\manis\extrack\build\windows\CMakeFiles\3.22.22040401-MSVC_2\CompilerIdCXX\CompilerIdCXX.vcxproj]

    1 Warning(s)
    1 Error(s)

Time Elapsed 00:00:01.76


Compiling the CXX compiler identification source file "CMakeCXXCompilerId.cpp" failed.
Compiler:  
Build flags: 
Id flags:  

The output was:
1
Microsoft (R) Build Engine version 17.2.1+52cd2da31 for .NET Framework
Copyright (C) Microsoft Corporation. All rights reserved.

Build started 21-08-2022 19:35:29.
Project "C:\Users\manis\extrack\build\windows\CMakeFiles\3.22.22040401-MSVC_2\CompilerIdCXX\CompilerIdCXX.vcxproj" on node 1 (default targets).
PrepareForBuild:
  Creating directory "Debug\".
C:\Program Files\Microsoft Visual Studio\2022\Community\MSBuild\Microsoft\VC\v170\Microsoft.CppBuild.targets(496,5): warning MSB8003: The WindowsSDKDir property is not defined. Some build tools may not be found. [C:\Users\manis\extrack\build\windows\CMakeFiles\3.22.22040401-MSVC_2\CompilerIdCXX\CompilerIdCXX.vcxproj]
  Creating directory "Debug\CompilerIdCXX.tlog\".
InitializeBuildStatus:
  Creating "Debug\CompilerIdCXX.tlog\unsuccessfulbuild" because "AlwaysCreate" was specified.
ClCompile:
  C:\Program Files\Microsoft Visual Studio\2022\Community\VC\Tools\MSVC\14.32.31326\bin\HostX64\x64\CL.exe /c /nologo /W0 /WX- /diagnostics:column /Od /D _MBCS /Gm- /EHsc /RTC1 /MDd /GS /fp:precise /Zc:wchar_t /Zc:forScope /Zc:inline /Fo"Debug\\" /Fd"Debug\vc143.pdb" /external:W0 /Gd /TP /FC /errorReport:queue CMakeCXXCompilerId.cpp
  CMakeCXXCompilerId.cpp
Link:
  C:\Program Files\Microsoft Visual Studio\2022\Community\VC\Tools\MSVC\14.32.31326\bin\HostX64\x64\link.exe /ERRORREPORT:QUEUE /OUT:".\CompilerIdCXX.exe" /INCREMENTAL:NO /NOLOGO kernel32.lib user32.lib gdi32.lib winspool.lib comdlg32.lib advapi32.lib shell32.lib ole32.lib oleaut32.lib uuid.lib odbc32.lib odbccp32.lib /MANIFEST /MANIFESTUAC:"level='asInvoker' uiAccess='false'" /manifest:embed /PDB:".\CompilerIdCXX.pdb" /SUBSYSTEM:CONSOLE /TLBID:1 /DYNAMICBASE /NXCOMPAT /IMPLIB:".\CompilerIdCXX.lib" /MACHINE:X64 Debug\CMakeCXXCompilerId.obj
LINK : fatal error LNK1181: cannot open input file 'kernel32.lib' [C:\Users\manis\extrack\build\windows\CMakeFiles\3.22.22040401-MSVC_2\CompilerIdCXX\CompilerIdCXX.vcxproj]
Done Building Project "C:\Users\manis\extrack\build\windows\CMakeFiles\3.22.22040401-MSVC_2\CompilerIdCXX\CompilerIdCXX.vcxproj" (default targets) -- FAILED.

Build FAILED.

"C:\Users\manis\extrack\build\windows\CMakeFiles\3.22.22040401-MSVC_2\CompilerIdCXX\CompilerIdCXX.vcxproj" (default target) (1) ->
(PrepareForBuild target) -> 
  C:\Program Files\Microsoft Visual Studio\2022\Community\MSBuild\Microsoft\VC\v170\Microsoft.CppBuild.targets(496,5): warning MSB8003: The WindowsSDKDir property is not defined. Some build tools may not be found. [C:\Users\manis\extrack\build\windows\CMakeFiles\3.22.22040401-MSVC_2\CompilerIdCXX\CompilerIdCXX.vcxproj]


"C:\Users\manis\extrack\build\windows\CMakeFiles\3.22.22040401-MSVC_2\CompilerIdCXX\CompilerIdCXX.vcxproj" (default target) (1) ->
(Link target) -> 
  LINK : fatal error LNK1181: cannot open input file 'kernel32.lib' [C:\Users\manis\extrack\build\windows\CMakeFiles\3.22.22040401-MSVC_2\CompilerIdCXX\CompilerIdCXX.vcxproj]

    1 Warning(s)
    1 Error(s)

Time Elapsed 00:00:03.22


Compiling the CXX compiler identification source file "CMakeCXXCompilerId.cpp" failed.
Compiler:  
Build flags: 
Id flags:  

The output was:
1
Microsoft (R) Build Engine version 17.2.1+52cd2da31 for .NET Framework
Copyright (C) Microsoft Corporation. All rights reserved.

Build started 21-08-2022 19:35:33.
Project "C:\Users\manis\extrack\build\windows\CMakeFiles\3.22.22040401-MSVC_2\CompilerIdCXX\CompilerIdCXX.vcxproj" on node 1 (default targets).
PrepareForBuild:
  Creating directory "Debug\".
C:\Program Files\Microsoft Visual Studio\2022\Community\MSBuild\Microsoft\VC\v170\Microsoft.CppBuild.targets(496,5): warning MSB8003: The WindowsSDKDir property is not defined. Some build tools may not be found. [C:\Users\manis\extrack\build\windows\CMakeFiles\3.22.22040401-MSVC_2\CompilerIdCXX\CompilerIdCXX.vcxproj]
  Creating directory "Debug\CompilerIdCXX.tlog\".
InitializeBuildStatus:
  Creating "Debug\CompilerIdCXX.tlog\unsuccessfulbuild" because "AlwaysCreate" was specified.
ClCompile:
  C:\Program Files\Microsoft Visual Studio\2022\Community\VC\Tools\MSVC\14.32.31326\bin\HostX64\x64\CL.exe /c /nologo /W0 /WX- /diagnostics:column /Od /D _MBCS /Gm- /EHsc /RTC1 /MDd /GS /fp:precise /Zc:wchar_t /Zc:forScope /Zc:inline /Fo"Debug\\" /Fd"Debug\vc143.pdb" /external:W0 /Gd /TP /FC /errorReport:queue CMakeCXXCompilerId.cpp
  CMakeCXXCompilerId.cpp
Link:
  C:\Program Files\Microsoft Visual Studio\2022\Community\VC\Tools\MSVC\14.32.31326\bin\HostX64\x64\link.exe /ERRORREPORT:QUEUE /OUT:".\CompilerIdCXX.exe" /INCREMENTAL:NO /NOLOGO kernel32.lib user32.lib gdi32.lib winspool.lib comdlg32.lib advapi32.lib shell32.lib ole32.lib oleaut32.lib uuid.lib odbc32.lib odbccp32.lib /MANIFEST /MANIFESTUAC:"level='asInvoker' uiAccess='false'" /manifest:embed /PDB:".\CompilerIdCXX.pdb" /SUBSYSTEM:CONSOLE /TLBID:1 /DYNAMICBASE /NXCOMPAT /IMPLIB:".\CompilerIdCXX.lib" /MACHINE:X64 Debug\CMakeCXXCompilerId.obj
LINK : fatal error LNK1181: cannot open input file 'kernel32.lib' [C:\Users\manis\extrack\build\windows\CMakeFiles\3.22.22040401-MSVC_2\CompilerIdCXX\CompilerIdCXX.vcxproj]
Done Building Project "C:\Users\manis\extrack\build\windows\CMakeFiles\3.22.22040401-MSVC_2\CompilerIdCXX\CompilerIdCXX.vcxproj" (default targets) -- FAILED.

Build FAILED.

"C:\Users\manis\extrack\build\windows\CMakeFiles\3.22.22040401-MSVC_2\CompilerIdCXX\CompilerIdCXX.vcxproj" (default target) (1) ->
(PrepareForBuild target) -> 
  C:\Program Files\Microsoft Visual Studio\2022\Community\MSBuild\Microsoft\VC\v170\Microsoft.CppBuild.targets(496,5): warning MSB8003: The WindowsSDKDir property is not defined. Some build tools may not be found. [C:\Users\manis\extrack\build\windows\CMakeFiles\3.22.22040401-MSVC_2\CompilerIdCXX\CompilerIdCXX.vcxproj]


"C:\Users\manis\extrack\build\windows\CMakeFiles\3.22.22040401-MSVC_2\CompilerIdCXX\CompilerIdCXX.vcxproj" (default target) (1) ->
(Link target) -> 
  LINK : fatal error LNK1181: cannot open input file 'kernel32.lib' [C:\Users\manis\extrack\build\windows\CMakeFiles\3.22.22040401-MSVC_2\CompilerIdCXX\CompilerIdCXX.vcxproj]

    1 Warning(s)
    1 Error(s)

Time Elapsed 00:00:01.75


